0    [main] INFO  eclipse.emf.mwe.core.WorkflowEngine  - --------------------------------------------------------------------------------------
2    [main] INFO  eclipse.emf.mwe.core.WorkflowEngine  - EMF Modeling Workflow Engine 1.2.1, Build v201306110341
2    [main] INFO  eclipse.emf.mwe.core.WorkflowEngine  - (c) 2005-2009 openarchitectureware.org and contributors
2    [main] INFO  eclipse.emf.mwe.core.WorkflowEngine  - --------------------------------------------------------------------------------------
2    [main] INFO  eclipse.emf.mwe.core.WorkflowEngine  - running workflow: D:/Carrera/3 Curso/DSM/Prácticas/OOH4RIA/workspace/LePapeo/templates/workflow/generator.mwe
2    [main] INFO  eclipse.emf.mwe.core.WorkflowEngine  - 
257  [main] INFO  lipse.emf.mwe.utils.StandaloneSetup  - Registering platform uri 'D:\Carrera\3 Curso\DSM\Prácticas\OOH4RIA\workspace'
345  [main] INFO  lipse.emf.mwe.utils.StandaloneSetup  - Adding generated EPackage 'es.ua.dlsi.ooh.conceptualView.ConceptualViewPackage'
387  [main] INFO  lipse.emf.mwe.utils.StandaloneSetup  - Adding generated EPackage 'org.eclipse.gmf.runtime.notation.NotationPackage'
470  [main] INFO  e.core.container.CompositeComponent  - Workflow: executing workflow workflow::nhibernate::generator.mwe in D:/Carrera/3 Curso/DSM/Prácticas/OOH4RIA/workspace/LePapeo/templates/workflow/generator.mwe:11
470  [main] INFO  e.core.container.CompositeComponent  - XmiReader: file 'models/default.domainModel' => slot 'es_ua_dlsi_ooh_conceptual_model'
599  [main] INFO  e.core.container.CompositeComponent  - CheckComponent: slot es_ua_dlsi_ooh_conceptual_model check file(s): metamodel::Checks 
885  [main] INFO  e.core.container.CompositeComponent  - es.ua.dlsi.ooh.persistence.nhibernate.generator.workflowComponents.CleanBackup
Se ha borrado el directorio backup en la ubicacion: ../LePapeoGen\Backup
891  [main] INFO  e.core.container.CompositeComponent  - Generator(nhibernate.generator): generating 'workflow::nhibernate::workflow::main FOR true' => [../LePapeoGen, CONFIGURATION:../LePapeoGen(overwrite=false,append=false,fileEncoding=utf-8)]
La licencia está en vigor. Su fecha de expiración es: Tue Jun 18 19:20:40 CEST 2019
configuroConf:C:\Users\David\AppData\Local\Temp\OOH4RIA4695872717793807633.cfg
enc:utf-8
1566 [main] INFO  and2.pr.ProtectedRegionResolverImpl  - Source scan started ...
1647 [main] INFO  and2.pr.ProtectedRegionResolverImpl  - Source scan finished in 0.081s
1647 [main] INFO  and2.pr.ProtectedRegionResolverImpl  - Files scanned: 92
1647 [main] INFO  and2.pr.ProtectedRegionResolverImpl  - Regions found: 6
enc:utf-8
enc:utf-8
enc:utf-8
enc:utf-8
enc:utf-8
enc:utf-8
2479 [main] INFO  ipse.xtend.util.stdlib.IOExtensions  - UsuarioCAD
enc:utf-8
2632 [main] INFO  ipse.xtend.util.stdlib.IOExtensions  - RegistradoCAD
enc:utf-8
2780 [main] INFO  ipse.xtend.util.stdlib.IOExtensions  - AdminCAD
enc:utf-8
2924 [main] INFO  ipse.xtend.util.stdlib.IOExtensions  - RestauranteCAD
enc:utf-8
3068 [main] INFO  ipse.xtend.util.stdlib.IOExtensions  - HorarioCAD
enc:utf-8
3203 [main] INFO  ipse.xtend.util.stdlib.IOExtensions  - ReservaCAD
LA clase origen: Reserva y el nombre de rol: registrado
Encontrado en: asoOrigin: registrado_reserva. El nombre del rol origen: registrado y el nombre de rol destino: reserva
LA clase origen: Reserva y el nombre de rol: registrado
Encontrado en: asoOrigin: registrado_reserva. El nombre del rol origen: registrado y el nombre de rol destino: reserva
LA clase origen: Reserva y el nombre de rol: registrado
Encontrado en: asoOrigin: registrado_reserva. El nombre del rol origen: registrado y el nombre de rol destino: reserva
LA clase origen: Reserva y el nombre de rol: registrado
Encontrado en: asoOrigin: registrado_reserva. El nombre del rol origen: registrado y el nombre de rol destino: reserva
LA clase origen: Reserva y el nombre de rol: registrado
Encontrado en: asoOrigin: registrado_reserva. El nombre del rol origen: registrado y el nombre de rol destino: reserva
LA clase origen: Reserva y el nombre de rol: registrado
Encontrado en: asoOrigin: registrado_reserva. El nombre del rol origen: registrado y el nombre de rol destino: reserva
LA clase origen: Reserva y el nombre de rol: restaurante
DISTINTO en: asoOrigin: registrado_reserva. El nombre del rol origen: registrado de el rol destino: restaurante
Encontrado en: asoOrigin: restaurante_reserva_0. El nombre del rol origen: restaurante y el nombre de rol destino: reserva_0
LA clase origen: Reserva y el nombre de rol: restaurante
DISTINTO en: asoOrigin: registrado_reserva. El nombre del rol origen: registrado de el rol destino: restaurante
Encontrado en: asoOrigin: restaurante_reserva_0. El nombre del rol origen: restaurante y el nombre de rol destino: reserva_0
LA clase origen: Reserva y el nombre de rol: restaurante
DISTINTO en: asoOrigin: registrado_reserva. El nombre del rol origen: registrado de el rol destino: restaurante
Encontrado en: asoOrigin: restaurante_reserva_0. El nombre del rol origen: restaurante y el nombre de rol destino: reserva_0
LA clase origen: Reserva y el nombre de rol: restaurante
DISTINTO en: asoOrigin: registrado_reserva. El nombre del rol origen: registrado de el rol destino: restaurante
Encontrado en: asoOrigin: restaurante_reserva_0. El nombre del rol origen: restaurante y el nombre de rol destino: reserva_0
LA clase origen: Reserva y el nombre de rol: restaurante
DISTINTO en: asoOrigin: registrado_reserva. El nombre del rol origen: registrado de el rol destino: restaurante
Encontrado en: asoOrigin: restaurante_reserva_0. El nombre del rol origen: restaurante y el nombre de rol destino: reserva_0
LA clase origen: Reserva y el nombre de rol: restaurante
DISTINTO en: asoOrigin: registrado_reserva. El nombre del rol origen: registrado de el rol destino: restaurante
Encontrado en: asoOrigin: restaurante_reserva_0. El nombre del rol origen: restaurante y el nombre de rol destino: reserva_0
enc:utf-8
3349 [main] INFO  ipse.xtend.util.stdlib.IOExtensions  - OpinionCAD
LA clase origen: Opinion y el nombre de rol: registrado
Encontrado en: asoOrigin: registrado_opinion. El nombre del rol origen: registrado y el nombre de rol destino: opinion
LA clase origen: Opinion y el nombre de rol: registrado
Encontrado en: asoOrigin: registrado_opinion. El nombre del rol origen: registrado y el nombre de rol destino: opinion
LA clase origen: Opinion y el nombre de rol: registrado
Encontrado en: asoOrigin: registrado_opinion. El nombre del rol origen: registrado y el nombre de rol destino: opinion
LA clase origen: Opinion y el nombre de rol: registrado
Encontrado en: asoOrigin: registrado_opinion. El nombre del rol origen: registrado y el nombre de rol destino: opinion
LA clase origen: Opinion y el nombre de rol: registrado
Encontrado en: asoOrigin: registrado_opinion. El nombre del rol origen: registrado y el nombre de rol destino: opinion
LA clase origen: Opinion y el nombre de rol: registrado
Encontrado en: asoOrigin: registrado_opinion. El nombre del rol origen: registrado y el nombre de rol destino: opinion
LA clase origen: Opinion y el nombre de rol: restaurante
DISTINTO en: asoOrigin: registrado_opinion. El nombre del rol origen: registrado de el rol destino: restaurante
Encontrado en: asoOrigin: restaurante_opinion_0. El nombre del rol origen: restaurante y el nombre de rol destino: opinion_0
LA clase origen: Opinion y el nombre de rol: restaurante
DISTINTO en: asoOrigin: registrado_opinion. El nombre del rol origen: registrado de el rol destino: restaurante
Encontrado en: asoOrigin: restaurante_opinion_0. El nombre del rol origen: restaurante y el nombre de rol destino: opinion_0
LA clase origen: Opinion y el nombre de rol: restaurante
DISTINTO en: asoOrigin: registrado_opinion. El nombre del rol origen: registrado de el rol destino: restaurante
Encontrado en: asoOrigin: restaurante_opinion_0. El nombre del rol origen: restaurante y el nombre de rol destino: opinion_0
LA clase origen: Opinion y el nombre de rol: restaurante
DISTINTO en: asoOrigin: registrado_opinion. El nombre del rol origen: registrado de el rol destino: restaurante
Encontrado en: asoOrigin: restaurante_opinion_0. El nombre del rol origen: restaurante y el nombre de rol destino: opinion_0
LA clase origen: Opinion y el nombre de rol: restaurante
DISTINTO en: asoOrigin: registrado_opinion. El nombre del rol origen: registrado de el rol destino: restaurante
Encontrado en: asoOrigin: restaurante_opinion_0. El nombre del rol origen: restaurante y el nombre de rol destino: opinion_0
LA clase origen: Opinion y el nombre de rol: restaurante
DISTINTO en: asoOrigin: registrado_opinion. El nombre del rol origen: registrado de el rol destino: restaurante
Encontrado en: asoOrigin: restaurante_opinion_0. El nombre del rol origen: restaurante y el nombre de rol destino: opinion_0
enc:utf-8
3495 [main] INFO  ipse.xtend.util.stdlib.IOExtensions  - NotificacionCAD
LA clase origen: Notificacion y el nombre de rol: registrado
Encontrado en: asoOrigin: registrado_notificacion. El nombre del rol origen: registrado y el nombre de rol destino: notificacion
LA clase origen: Notificacion y el nombre de rol: registrado
Encontrado en: asoOrigin: registrado_notificacion. El nombre del rol origen: registrado y el nombre de rol destino: notificacion
LA clase origen: Notificacion y el nombre de rol: registrado
Encontrado en: asoOrigin: registrado_notificacion. El nombre del rol origen: registrado y el nombre de rol destino: notificacion
LA clase origen: Notificacion y el nombre de rol: registrado
Encontrado en: asoOrigin: registrado_notificacion. El nombre del rol origen: registrado y el nombre de rol destino: notificacion
LA clase origen: Notificacion y el nombre de rol: registrado
Encontrado en: asoOrigin: registrado_notificacion. El nombre del rol origen: registrado y el nombre de rol destino: notificacion
LA clase origen: Notificacion y el nombre de rol: registrado
Encontrado en: asoOrigin: registrado_notificacion. El nombre del rol origen: registrado y el nombre de rol destino: notificacion
LA clase origen: Notificacion y el nombre de rol: restaurante
DISTINTO en: asoOrigin: registrado_notificacion. El nombre del rol origen: registrado de el rol destino: restaurante
Encontrado en: asoOrigin: restaurante_notificacion_0. El nombre del rol origen: restaurante y el nombre de rol destino: notificacion_0
LA clase origen: Notificacion y el nombre de rol: restaurante
DISTINTO en: asoOrigin: registrado_notificacion. El nombre del rol origen: registrado de el rol destino: restaurante
Encontrado en: asoOrigin: restaurante_notificacion_0. El nombre del rol origen: restaurante y el nombre de rol destino: notificacion_0
LA clase origen: Notificacion y el nombre de rol: restaurante
DISTINTO en: asoOrigin: registrado_notificacion. El nombre del rol origen: registrado de el rol destino: restaurante
Encontrado en: asoOrigin: restaurante_notificacion_0. El nombre del rol origen: restaurante y el nombre de rol destino: notificacion_0
LA clase origen: Notificacion y el nombre de rol: restaurante
DISTINTO en: asoOrigin: registrado_notificacion. El nombre del rol origen: registrado de el rol destino: restaurante
Encontrado en: asoOrigin: restaurante_notificacion_0. El nombre del rol origen: restaurante y el nombre de rol destino: notificacion_0
LA clase origen: Notificacion y el nombre de rol: restaurante
DISTINTO en: asoOrigin: registrado_notificacion. El nombre del rol origen: registrado de el rol destino: restaurante
Encontrado en: asoOrigin: restaurante_notificacion_0. El nombre del rol origen: restaurante y el nombre de rol destino: notificacion_0
LA clase origen: Notificacion y el nombre de rol: restaurante
DISTINTO en: asoOrigin: registrado_notificacion. El nombre del rol origen: registrado de el rol destino: restaurante
Encontrado en: asoOrigin: restaurante_notificacion_0. El nombre del rol origen: restaurante y el nombre de rol destino: notificacion_0
enc:utf-8
enc:utf-8
enc:utf-8
enc:utf-8
enc:utf-8
enc:utf-8
enc:utf-8
enc:utf-8
enc:utf-8
enc:utf-8
4841 [main] INFO  ipse.xtend.util.stdlib.IOExtensions  - UsuarioCEN
enc:utf-8
4976 [main] INFO  ipse.xtend.util.stdlib.IOExtensions  - RegistradoCEN
enc:utf-8
5114 [main] INFO  ipse.xtend.util.stdlib.IOExtensions  - AdminCEN
enc:utf-8
5256 [main] INFO  ipse.xtend.util.stdlib.IOExtensions  - RestauranteCEN
enc:utf-8
5405 [main] INFO  ipse.xtend.util.stdlib.IOExtensions  - HorarioCEN
enc:utf-8
5543 [main] INFO  ipse.xtend.util.stdlib.IOExtensions  - ReservaCEN
enc:utf-8
5683 [main] INFO  ipse.xtend.util.stdlib.IOExtensions  - OpinionCEN
enc:utf-8
5822 [main] INFO  ipse.xtend.util.stdlib.IOExtensions  - NotificacionCEN
enc:utf-8
enc:utf-8
enc:utf-8
6234 [main] INFO  ipse.xtend.util.stdlib.IOExtensions  - es.ua.dlsi.ooh.conceptualView.impl.OperationImpl@15d6a01 (name: new, visibility: Public, operationType: New, description: null, type: Object, collectionType: None, isStatic: false, isOrdered: false, filter: null, precondition: null, body: null, postcondition: null, automaticSynchronize: true, customized: false, paging: false, customizedTransaction: false)
6234 [main] INFO  ipse.xtend.util.stdlib.IOExtensions  - es.ua.dlsi.ooh.conceptualView.impl.OperationImpl@1622f1b (name: modify, visibility: Public, operationType: Modifier, description: null, type: Void, collectionType: None, isStatic: false, isOrdered: false, filter: null, precondition: null, body: null, postcondition: null, automaticSynchronize: true, customized: false, paging: false, customizedTransaction: false)
6234 [main] INFO  ipse.xtend.util.stdlib.IOExtensions  - es.ua.dlsi.ooh.conceptualView.impl.OperationImpl@1d03f44 (name: destroy, visibility: Public, operationType: Destroy, description: null, type: Void, collectionType: None, isStatic: false, isOrdered: false, filter: null, precondition: null, body: null, postcondition: null, automaticSynchronize: true, customized: false, paging: false, customizedTransaction: false)
6234 [main] INFO  ipse.xtend.util.stdlib.IOExtensions  - es.ua.dlsi.ooh.conceptualView.impl.OperationImpl@63f509 (name: readOID, visibility: Public, operationType: ReadOID, description: null, type: Object, collectionType: None, isStatic: false, isOrdered: false, filter: null, precondition: null, body: null, postcondition: null, automaticSynchronize: true, customized: false, paging: false, customizedTransaction: false)
6234 [main] INFO  ipse.xtend.util.stdlib.IOExtensions  - es.ua.dlsi.ooh.conceptualView.impl.OperationImpl@b7ac2f (name: readAll, visibility: Public, operationType: ReadAll, description: null, type: Object, collectionType: List, isStatic: false, isOrdered: false, filter: null, precondition: null, body: null, postcondition: null, automaticSynchronize: true, customized: false, paging: false, customizedTransaction: false)
enc:utf-8
6365 [main] INFO  ipse.xtend.util.stdlib.IOExtensions  - es.ua.dlsi.ooh.conceptualView.impl.OperationImpl@b85f9 (name: new, visibility: Public, operationType: New, description: null, type: Object, collectionType: None, isStatic: false, isOrdered: false, filter: null, precondition: null, body: null, postcondition: null, automaticSynchronize: true, customized: false, paging: false, customizedTransaction: false)
6365 [main] INFO  ipse.xtend.util.stdlib.IOExtensions  - es.ua.dlsi.ooh.conceptualView.impl.OperationImpl@1d7b7bf (name: modify, visibility: Public, operationType: Modifier, description: null, type: Void, collectionType: None, isStatic: false, isOrdered: false, filter: null, precondition: null, body: null, postcondition: null, automaticSynchronize: true, customized: false, paging: false, customizedTransaction: false)
6365 [main] INFO  ipse.xtend.util.stdlib.IOExtensions  - es.ua.dlsi.ooh.conceptualView.impl.OperationImpl@17d444 (name: destroy, visibility: Public, operationType: Destroy, description: null, type: Void, collectionType: None, isStatic: false, isOrdered: false, filter: null, precondition: null, body: null, postcondition: null, automaticSynchronize: true, customized: false, paging: false, customizedTransaction: false)
6365 [main] INFO  ipse.xtend.util.stdlib.IOExtensions  - es.ua.dlsi.ooh.conceptualView.impl.OperationImpl@b472aa (name: readOID, visibility: Public, operationType: ReadOID, description: null, type: Object, collectionType: None, isStatic: false, isOrdered: false, filter: null, precondition: null, body: null, postcondition: null, automaticSynchronize: true, customized: false, paging: false, customizedTransaction: false)
6365 [main] INFO  ipse.xtend.util.stdlib.IOExtensions  - es.ua.dlsi.ooh.conceptualView.impl.OperationImpl@125dc0f (name: readAll, visibility: Public, operationType: ReadAll, description: null, type: Object, collectionType: List, isStatic: false, isOrdered: false, filter: null, precondition: null, body: null, postcondition: null, automaticSynchronize: true, customized: false, paging: false, customizedTransaction: false)
enc:utf-8
6494 [main] INFO  ipse.xtend.util.stdlib.IOExtensions  - es.ua.dlsi.ooh.conceptualView.impl.OperationImpl@1c88ec8 (name: new, visibility: Public, operationType: New, description: null, type: Object, collectionType: None, isStatic: false, isOrdered: false, filter: null, precondition: null, body: null, postcondition: null, automaticSynchronize: true, customized: false, paging: false, customizedTransaction: false)
6495 [main] INFO  ipse.xtend.util.stdlib.IOExtensions  - es.ua.dlsi.ooh.conceptualView.impl.OperationImpl@1a996b (name: modify, visibility: Public, operationType: Modifier, description: null, type: Void, collectionType: None, isStatic: false, isOrdered: false, filter: null, precondition: null, body: null, postcondition: null, automaticSynchronize: true, customized: false, paging: false, customizedTransaction: false)
6495 [main] INFO  ipse.xtend.util.stdlib.IOExtensions  - es.ua.dlsi.ooh.conceptualView.impl.OperationImpl@27b02d (name: destroy, visibility: Public, operationType: Destroy, description: null, type: Void, collectionType: None, isStatic: false, isOrdered: false, filter: null, precondition: null, body: null, postcondition: null, automaticSynchronize: true, customized: false, paging: false, customizedTransaction: false)
6495 [main] INFO  ipse.xtend.util.stdlib.IOExtensions  - es.ua.dlsi.ooh.conceptualView.impl.OperationImpl@1fbdac4 (name: readOID, visibility: Public, operationType: ReadOID, description: null, type: Object, collectionType: None, isStatic: false, isOrdered: false, filter: null, precondition: null, body: null, postcondition: null, automaticSynchronize: true, customized: false, paging: false, customizedTransaction: false)
6495 [main] INFO  ipse.xtend.util.stdlib.IOExtensions  - es.ua.dlsi.ooh.conceptualView.impl.OperationImpl@1ef1869 (name: readAll, visibility: Public, operationType: ReadAll, description: null, type: Object, collectionType: List, isStatic: false, isOrdered: false, filter: null, precondition: null, body: null, postcondition: null, automaticSynchronize: true, customized: false, paging: false, customizedTransaction: false)
enc:utf-8
6624 [main] INFO  ipse.xtend.util.stdlib.IOExtensions  - es.ua.dlsi.ooh.conceptualView.impl.OperationImpl@10161f7 (name: new, visibility: Public, operationType: New, description: null, type: Object, collectionType: None, isStatic: false, isOrdered: false, filter: null, precondition: null, body: null, postcondition: null, automaticSynchronize: true, customized: false, paging: false, customizedTransaction: false)
6624 [main] INFO  ipse.xtend.util.stdlib.IOExtensions  - es.ua.dlsi.ooh.conceptualView.impl.OperationImpl@291ae (name: modify, visibility: Public, operationType: Modifier, description: null, type: Void, collectionType: None, isStatic: false, isOrdered: false, filter: null, precondition: null, body: null, postcondition: null, automaticSynchronize: true, customized: false, paging: false, customizedTransaction: false)
6624 [main] INFO  ipse.xtend.util.stdlib.IOExtensions  - es.ua.dlsi.ooh.conceptualView.impl.OperationImpl@193666c (name: destroy, visibility: Public, operationType: Destroy, description: null, type: Void, collectionType: None, isStatic: false, isOrdered: false, filter: null, precondition: null, body: null, postcondition: null, automaticSynchronize: true, customized: false, paging: false, customizedTransaction: false)
6624 [main] INFO  ipse.xtend.util.stdlib.IOExtensions  - es.ua.dlsi.ooh.conceptualView.impl.OperationImpl@1835c46 (name: readOID, visibility: Public, operationType: ReadOID, description: null, type: Object, collectionType: None, isStatic: false, isOrdered: false, filter: null, precondition: null, body: null, postcondition: null, automaticSynchronize: true, customized: false, paging: false, customizedTransaction: false)
6625 [main] INFO  ipse.xtend.util.stdlib.IOExtensions  - es.ua.dlsi.ooh.conceptualView.impl.OperationImpl@114e963 (name: readAll, visibility: Public, operationType: ReadAll, description: null, type: Object, collectionType: List, isStatic: false, isOrdered: false, filter: null, precondition: null, body: null, postcondition: null, automaticSynchronize: true, customized: false, paging: false, customizedTransaction: false)
enc:utf-8
6754 [main] INFO  ipse.xtend.util.stdlib.IOExtensions  - es.ua.dlsi.ooh.conceptualView.impl.OperationImpl@e1e309 (name: new, visibility: Public, operationType: New, description: null, type: Object, collectionType: None, isStatic: false, isOrdered: false, filter: null, precondition: null, body: null, postcondition: null, automaticSynchronize: true, customized: false, paging: false, customizedTransaction: false)
enc:utf-8
6882 [main] INFO  ipse.xtend.util.stdlib.IOExtensions  - es.ua.dlsi.ooh.conceptualView.impl.OperationImpl@1fead27 (name: new, visibility: Public, operationType: New, description: null, type: Object, collectionType: None, isStatic: false, isOrdered: false, filter: null, precondition: null, body: null, postcondition: null, automaticSynchronize: true, customized: false, paging: false, customizedTransaction: false)
6882 [main] INFO  ipse.xtend.util.stdlib.IOExtensions  - es.ua.dlsi.ooh.conceptualView.impl.OperationImpl@b927fb (name: modify, visibility: Public, operationType: Modifier, description: null, type: Void, collectionType: None, isStatic: false, isOrdered: false, filter: null, precondition: null, body: null, postcondition: null, automaticSynchronize: true, customized: false, paging: false, customizedTransaction: false)
6882 [main] INFO  ipse.xtend.util.stdlib.IOExtensions  - es.ua.dlsi.ooh.conceptualView.impl.OperationImpl@c451f2 (name: destroy, visibility: Public, operationType: Destroy, description: null, type: Void, collectionType: None, isStatic: false, isOrdered: false, filter: null, precondition: null, body: null, postcondition: null, automaticSynchronize: true, customized: false, paging: false, customizedTransaction: false)
6882 [main] INFO  ipse.xtend.util.stdlib.IOExtensions  - es.ua.dlsi.ooh.conceptualView.impl.OperationImpl@14425a7 (name: cambiarEstado, visibility: Public, operationType: Custom, description: null, type: Void, collectionType: None, isStatic: false, isOrdered: false, filter: null, precondition: null, body: null, postcondition: null, automaticSynchronize: true, customized: false, paging: false, customizedTransaction: false)
6882 [main] INFO  ipse.xtend.util.stdlib.IOExtensions  - es.ua.dlsi.ooh.conceptualView.impl.OperationImpl@1f116cc (name: readOID, visibility: Public, operationType: ReadOID, description: null, type: Object, collectionType: None, isStatic: false, isOrdered: false, filter: null, precondition: null, body: null, postcondition: null, automaticSynchronize: true, customized: false, paging: false, customizedTransaction: false)
6882 [main] INFO  ipse.xtend.util.stdlib.IOExtensions  - es.ua.dlsi.ooh.conceptualView.impl.OperationImpl@a7ecca (name: readAll, visibility: Public, operationType: ReadAll, description: null, type: Object, collectionType: List, isStatic: false, isOrdered: false, filter: null, precondition: null, body: null, postcondition: null, automaticSynchronize: true, customized: false, paging: false, customizedTransaction: false)
enc:utf-8
7012 [main] INFO  ipse.xtend.util.stdlib.IOExtensions  - es.ua.dlsi.ooh.conceptualView.impl.OperationImpl@93b025 (name: new, visibility: Public, operationType: New, description: null, type: Object, collectionType: None, isStatic: false, isOrdered: false, filter: null, precondition: null, body: null, postcondition: null, automaticSynchronize: true, customized: false, paging: false, customizedTransaction: false)
7012 [main] INFO  ipse.xtend.util.stdlib.IOExtensions  - es.ua.dlsi.ooh.conceptualView.impl.OperationImpl@d04d3d (name: modify, visibility: Public, operationType: Modifier, description: null, type: Void, collectionType: None, isStatic: false, isOrdered: false, filter: null, precondition: null, body: null, postcondition: null, automaticSynchronize: true, customized: false, paging: false, customizedTransaction: false)
7012 [main] INFO  ipse.xtend.util.stdlib.IOExtensions  - es.ua.dlsi.ooh.conceptualView.impl.OperationImpl@f4ea7c (name: destroy, visibility: Public, operationType: Destroy, description: null, type: Void, collectionType: None, isStatic: false, isOrdered: false, filter: null, precondition: null, body: null, postcondition: null, automaticSynchronize: true, customized: false, paging: false, customizedTransaction: false)
7012 [main] INFO  ipse.xtend.util.stdlib.IOExtensions  - es.ua.dlsi.ooh.conceptualView.impl.OperationImpl@fe5c40 (name: readOID, visibility: Public, operationType: ReadOID, description: null, type: Object, collectionType: None, isStatic: false, isOrdered: false, filter: null, precondition: null, body: null, postcondition: null, automaticSynchronize: true, customized: false, paging: false, customizedTransaction: false)
7012 [main] INFO  ipse.xtend.util.stdlib.IOExtensions  - es.ua.dlsi.ooh.conceptualView.impl.OperationImpl@e31a9a (name: readAll, visibility: Public, operationType: ReadAll, description: null, type: Object, collectionType: List, isStatic: false, isOrdered: false, filter: null, precondition: null, body: null, postcondition: null, automaticSynchronize: true, customized: false, paging: false, customizedTransaction: false)
enc:utf-8
7141 [main] INFO  ipse.xtend.util.stdlib.IOExtensions  - es.ua.dlsi.ooh.conceptualView.impl.OperationImpl@1597028 (name: new, visibility: Public, operationType: New, description: null, type: Object, collectionType: None, isStatic: false, isOrdered: false, filter: null, precondition: null, body: null, postcondition: null, automaticSynchronize: true, customized: false, paging: false, customizedTransaction: false)
7141 [main] INFO  ipse.xtend.util.stdlib.IOExtensions  - es.ua.dlsi.ooh.conceptualView.impl.OperationImpl@1662a0b (name: modify, visibility: Public, operationType: Modifier, description: null, type: Void, collectionType: None, isStatic: false, isOrdered: false, filter: null, precondition: null, body: null, postcondition: null, automaticSynchronize: true, customized: false, paging: false, customizedTransaction: false)
7141 [main] INFO  ipse.xtend.util.stdlib.IOExtensions  - es.ua.dlsi.ooh.conceptualView.impl.OperationImpl@482e36 (name: destroy, visibility: Public, operationType: Destroy, description: null, type: Void, collectionType: None, isStatic: false, isOrdered: false, filter: null, precondition: null, body: null, postcondition: null, automaticSynchronize: true, customized: false, paging: false, customizedTransaction: false)
7141 [main] INFO  ipse.xtend.util.stdlib.IOExtensions  - es.ua.dlsi.ooh.conceptualView.impl.OperationImpl@18dfcc1 (name: readOID, visibility: Public, operationType: ReadOID, description: null, type: Object, collectionType: None, isStatic: false, isOrdered: false, filter: null, precondition: null, body: null, postcondition: null, automaticSynchronize: true, customized: false, paging: false, customizedTransaction: false)
7142 [main] INFO  ipse.xtend.util.stdlib.IOExtensions  - es.ua.dlsi.ooh.conceptualView.impl.OperationImpl@7ddf94 (name: readAll, visibility: Public, operationType: ReadAll, description: null, type: Object, collectionType: List, isStatic: false, isOrdered: false, filter: null, precondition: null, body: null, postcondition: null, automaticSynchronize: true, customized: false, paging: false, customizedTransaction: false)
enc:utf-8
7276 [main] INFO  ipse.xtend.util.stdlib.IOExtensions  - UsuarioEN
enc:utf-8
7410 [main] INFO  ipse.xtend.util.stdlib.IOExtensions  - RegistradoEN
enc:utf-8
7557 [main] INFO  ipse.xtend.util.stdlib.IOExtensions  - AdminEN
enc:utf-8
7696 [main] INFO  ipse.xtend.util.stdlib.IOExtensions  - RestauranteEN
enc:utf-8
7849 [main] INFO  ipse.xtend.util.stdlib.IOExtensions  - HorarioEN
enc:utf-8
8005 [main] INFO  ipse.xtend.util.stdlib.IOExtensions  - ReservaEN
enc:utf-8
8156 [main] INFO  ipse.xtend.util.stdlib.IOExtensions  - OpinionEN
enc:utf-8
8305 [main] INFO  ipse.xtend.util.stdlib.IOExtensions  - NotificacionEN
enc:utf-8
enc:utf-8
enc:utf-8
enc:utf-8
enc:utf-8
8988 [main] INFO  ipse.xtend.util.stdlib.IOExtensions  - EN
8996 [main] INFO  ipse.xtend.util.stdlib.IOExtensions  - EN
8997 [main] INFO  ipse.xtend.util.stdlib.IOExtensions  - EN
8999 [main] INFO  ipse.xtend.util.stdlib.IOExtensions  - EN
9001 [main] INFO  ipse.xtend.util.stdlib.IOExtensions  - EN
enc:utf-8
enc:utf-8
9262 [main] INFO         org.eclipse.xpand2.Generator  - Written 2 files to outlet [default](../LePapeoGen)
9262 [main] INFO         org.eclipse.xpand2.Generator  - Skipped writing of 71 files to outlet [default](../LePapeoGen)
9262 [main] INFO  e.core.container.CompositeComponent  - es.ua.dlsi.ooh.persistence.nhibernate.generator.workflowComponents.CreateSolution
9269 [main] INFO  e.core.container.CompositeComponent  - es.ua.dlsi.ooh.persistence.nhibernate.generator.workflowComponents.UpdateSolution
9277 [main] INFO  e.core.container.CompositeComponent  - es.ua.dlsi.ooh.persistence.nhibernate.generator.workflowComponents.CopyDLLs
../LePapeoGen\LePapeoGenNHibernate\AppLib\Antlr3.Runtime.dll
../LePapeoGen\LePapeoGenNHibernate\AppLib\Castle.DynamicProxy2.dll
../LePapeoGen\LePapeoGenNHibernate\AppLib\Iesi.Collections.dll
../LePapeoGen\LePapeoGenNHibernate\AppLib\jose-jwt.dll
../LePapeoGen\LePapeoGenNHibernate\AppLib\LinFu.DynamicProxy.dll
../LePapeoGen\LePapeoGenNHibernate\AppLib\log4net.dll
../LePapeoGen\LePapeoGenNHibernate\AppLib\Newtonsoft.Json.dll
../LePapeoGen\LePapeoGenNHibernate\AppLib\NHibernate.ByteCode.Castle.dll
../LePapeoGen\LePapeoGenNHibernate\AppLib\NHibernate.ByteCode.LinFu.dll
../LePapeoGen\LePapeoGenNHibernate\AppLib\NHibernate.dll
../LePapeoGen\LePapeoGenNHibernate\AppLib\nunit.core.dll
../LePapeoGen\LePapeoGenNHibernate\AppLib\nunit.framework.dll
9282 [main] INFO  eclipse.emf.mwe.core.WorkflowEngine  - workflow completed in 8813ms!
